SF:e:\PROJECTS\Tictactoe-youtube\src\Agent.cs
FN:12,TicTacToe.Engine.GridPosition Human::Move(TicTacToe.Engine.GameState/InProgress)
FNDA:0,TicTacToe.Engine.GridPosition Human::Move(TicTacToe.Engine.GameState/InProgress)
DA:13,0
DA:14,0
DA:15,0
DA:16,0
DA:17,0
DA:19,0
DA:20,0
FN:26,TicTacToe.Engine.GridPosition RandomAI::Move(TicTacToe.Engine.GameState/InProgress)
FNDA:0,TicTacToe.Engine.GridPosition RandomAI::Move(TicTacToe.Engine.GameState/InProgress)
DA:27,0
DA:28,0
DA:29,0
DA:30,0
DA:31,0
LF:12
LH:0
BRF:0
BRH:0
FNF:2
FNH:0
end_of_record
SF:e:\PROJECTS\Tictactoe-youtube\src\Program.cs
FN:12,System.Void Program::Main()
FNDA:0,System.Void Program::Main()
DA:13,0
DA:16,0
DA:17,0
DA:18,0
FN:20,System.Void Program::RenderGame(TicTacToe.Engine.TicTacToe)
FNDA:0,System.Void Program::RenderGame(TicTacToe.Engine.TicTacToe)
DA:21,0
DA:22,0
DA:23,0
DA:24,0
DA:25,0
DA:26,0
DA:27,0
DA:28,0
DA:30,0
DA:31,0
DA:32,0
DA:33,0
DA:34,0
DA:35,0
DA:36,0
DA:37,0
DA:38,0
DA:40,0
BRDA:22,19,0,0
BRDA:25,35,0,0
BRDA:25,35,1,0
BRDA:22,19,1,0
BRDA:30,91,0,0
BRDA:33,108,0,0
BRDA:33,108,1,0
BRDA:30,91,1,0
FN:42,System.Boolean Program::RenderFinished(TicTacToe.Engine.GameState/Finished)
FNDA:0,System.Boolean Program::RenderFinished(TicTacToe.Engine.GameState/Finished)
DA:43,0
DA:44,0
DA:45,0
DA:46,0
DA:47,0
DA:48,0
DA:50,0
DA:51,0
DA:52,0
DA:53,0
DA:54,0
DA:55,0
DA:56,0
DA:57,0
DA:59,0
DA:61,0
DA:62,0
DA:63,0
DA:64,0
DA:66,0
DA:67,0
BRDA:50,76,0,0
BRDA:50,76,1,0
BRDA:54,122,0,0
BRDA:54,122,1,0
FN:69,System.Void Program::RenderInprogress(TicTacToe.Engine.GameState/InProgress)
FNDA:0,System.Void Program::RenderInprogress(TicTacToe.Engine.GameState/InProgress)
DA:70,0
DA:71,0
DA:72,0
DA:73,0
DA:74,0
DA:76,0
FN:78,System.Void Program::RenderGrid(TicTacToe.Engine.Grid)
FNDA:0,System.Void Program::RenderGrid(TicTacToe.Engine.Grid)
DA:79,0
DA:81,0
DA:82,0
DA:83,0
DA:84,0
DA:86,0
DA:87,0
DA:88,0
DA:89,0
DA:91,0
DA:92,0
DA:93,0
DA:94,0
DA:96,0
DA:97,0
DA:98,0
DA:99,0
DA:101,0
DA:102,0
DA:103,0
DA:104,0
DA:105,0
DA:107,0
FN:109,System.Void Program::RenderCurrentPlayer(TicTacToe.Engine.Players)
FNDA:0,System.Void Program::RenderCurrentPlayer(TicTacToe.Engine.Players)
DA:110,0
DA:111,0
DA:112,0
DA:114,0
DA:115,0
FN:117,System.String Program::GetPlayerName(System.Nullable`1<TicTacToe.Engine.Players>)
FNDA:0,System.String Program::GetPlayerName(System.Nullable`1<TicTacToe.Engine.Players>)
DA:118,0
DA:119,0
DA:120,0
DA:121,0
DA:122,0
DA:123,0
DA:124,0
DA:125,0
BRDA:119,12,0,0
BRDA:119,23,0,0
BRDA:119,29,1,0
BRDA:119,23,1,0
BRDA:119,12,1,0
BRDA:119,29,0,0
FN:7,System.Void Program::.cctor()
FNDA:0,System.Void Program::.cctor()
DA:8,0
DA:9,0
LF:87
LH:0
BRF:18
BRH:0
FNF:8
FNH:0
end_of_record
SF:e:\PROJECTS\Tictactoe-youtube\src\Engine.cs
FN:9,TicTacToe.Engine.Grid TicTacToe.Engine.Ext::GetGrid(System.Collections.Generic.IEnumerable`1<TicTacToe.Engine.GridPosition>)
FNDA:0,TicTacToe.Engine.Grid TicTacToe.Engine.Ext::GetGrid(System.Collections.Generic.IEnumerable`1<TicTacToe.Engine.GridPosition>)
DA:10,0
FN:11,TicTacToe.Engine.Players TicTacToe.Engine.Ext::Switch(TicTacToe.Engine.Players)
FNDA:0,TicTacToe.Engine.Players TicTacToe.Engine.Ext::Switch(TicTacToe.Engine.Players)
DA:12,0
BRDA:12,1,0,0
BRDA:12,1,1,0
FN:44,System.Nullable`1<TicTacToe.Engine.Players> TicTacToe.Engine.Grid::get_Item(TicTacToe.Engine.GridPosition)
FNDA:0,System.Nullable`1<TicTacToe.Engine.Players> TicTacToe.Engine.Grid::get_Item(TicTacToe.Engine.GridPosition)
DA:45,0
DA:46,0
DA:47,0
FN:49,System.Collections.Generic.IEnumerable`1<TicTacToe.Engine.GridPosition> TicTacToe.Engine.Grid::get_EmptyCells()
FNDA:0,System.Collections.Generic.IEnumerable`1<TicTacToe.Engine.GridPosition> TicTacToe.Engine.Grid::get_EmptyCells()
DA:50,0
FN:81,System.Nullable`1<TicTacToe.Engine.Players> TicTacToe.Engine.Grid::HasWinner()
FNDA:0,System.Nullable`1<TicTacToe.Engine.Players> TicTacToe.Engine.Grid::HasWinner()
DA:82,0
DA:83,0
DA:84,0
DA:85,0
DA:86,0
DA:87,0
DA:88,0
DA:89,0
BRDA:84,83,1,0
BRDA:86,64,0,0
BRDA:86,64,1,0
BRDA:84,83,0,0
FN:29,System.Void TicTacToe.Engine.Grid::.ctor(System.Collections.Generic.IEnumerable`1<TicTacToe.Engine.GridPosition>)
FNDA:0,System.Void TicTacToe.Engine.Grid::.ctor(System.Collections.Generic.IEnumerable`1<TicTacToe.Engine.GridPosition>)
DA:30,0
DA:32,0
DA:33,0
DA:34,0
DA:35,0
DA:36,0
DA:37,0
DA:38,0
DA:39,0
DA:40,0
BRDA:35,139,1,0
BRDA:35,139,0,0
FN:64,System.Boolean TicTacToe.Engine.Grid/<get_Columns>d__9::MoveNext()
FNDA:0,System.Boolean TicTacToe.Engine.Grid/<get_Columns>d__9::MoveNext()
DA:65,0
DA:66,0
DA:67,0
DA:68,0
DA:69,0
FN:74,System.Boolean TicTacToe.Engine.Grid/<get_Diagonals>d__11::MoveNext()
FNDA:0,System.Boolean TicTacToe.Engine.Grid/<get_Diagonals>d__11::MoveNext()
DA:75,0
DA:76,0
DA:77,0
DA:78,0
FN:54,System.Boolean TicTacToe.Engine.Grid/<get_Rows>d__7::MoveNext()
FNDA:0,System.Boolean TicTacToe.Engine.Grid/<get_Rows>d__7::MoveNext()
DA:55,0
DA:56,0
DA:57,0
DA:58,0
DA:59,0
FN:99,T TicTacToe.Engine.GameState::Switch(System.Func`2<TicTacToe.Engine.GameState/InProgress,T>,System.Func`2<TicTacToe.Engine.GameState/Finished,T>)
FNDA:0,T TicTacToe.Engine.GameState::Switch(System.Func`2<TicTacToe.Engine.GameState/InProgress,T>,System.Func`2<TicTacToe.Engine.GameState/Finished,T>)
DA:100,0
DA:101,0
DA:102,0
DA:103,0
DA:104,0
DA:105,0
BRDA:100,14,0,0
BRDA:100,14,1,0
BRDA:100,24,1,0
BRDA:100,24,0,0
FN:96,System.Collections.Generic.IEnumerable`1<TicTacToe.Engine.GridPosition> TicTacToe.Engine.GameState/InProgress::get_History()
FNDA:0,System.Collections.Generic.IEnumerable`1<TicTacToe.Engine.GridPosition> TicTacToe.Engine.GameState/InProgress::get_History()
DA:97,0
FN:97,System.Collections.Generic.IEnumerable`1<TicTacToe.Engine.GridPosition> TicTacToe.Engine.GameState/Finished::get_History()
FNDA:0,System.Collections.Generic.IEnumerable`1<TicTacToe.Engine.GridPosition> TicTacToe.Engine.GameState/Finished::get_History()
DA:98,0
FN:109,TicTacToe.Engine.Players TicTacToe.Engine.GameOutcome/Won::get_By()
FNDA:0,TicTacToe.Engine.Players TicTacToe.Engine.GameOutcome/Won::get_By()
DA:110,0
FN:110,System.Void TicTacToe.Engine.GameOutcome/Tie::.ctor()
FNDA:0,System.Void TicTacToe.Engine.GameOutcome/Tie::.ctor()
DA:111,0
FN:119,TicTacToe.Engine.GameState TicTacToe.Engine.TicTacToe::get_State()
FNDA:0,TicTacToe.Engine.GameState TicTacToe.Engine.TicTacToe::get_State()
DA:120,0
FN:127,System.Void TicTacToe.Engine.TicTacToe::NewGame()
FNDA:0,System.Void TicTacToe.Engine.TicTacToe::NewGame()
DA:128,0
DA:129,0
DA:130,0
FN:132,System.Void TicTacToe.Engine.TicTacToe::LoadHistory(System.Collections.Generic.IEnumerable`1<TicTacToe.Engine.GridPosition>)
FNDA:0,System.Void TicTacToe.Engine.TicTacToe::LoadHistory(System.Collections.Generic.IEnumerable`1<TicTacToe.Engine.GridPosition>)
DA:133,0
DA:134,0
DA:136,0
DA:137,0
DA:138,0
DA:141,0
DA:142,0
DA:143,0
DA:144,0
DA:145,0
DA:146,0
DA:147,0
BRDA:138,35,0,0
BRDA:138,35,1,0
BRDA:141,53,0,0
BRDA:141,56,1,0
BRDA:141,56,0,0
BRDA:141,53,1,0
FN:148,System.Nullable`1<TicTacToe.Engine.MoveError> TicTacToe.Engine.TicTacToe::IsValidMove(TicTacToe.Engine.GridPosition)
FNDA:0,System.Nullable`1<TicTacToe.Engine.MoveError> TicTacToe.Engine.TicTacToe::IsValidMove(TicTacToe.Engine.GridPosition)
DA:149,0
DA:150,0
DA:151,0
DA:152,0
BRDA:150,17,0,0
BRDA:150,17,1,0
FN:155,System.Nullable`1<TicTacToe.Engine.MoveError> TicTacToe.Engine.TicTacToe::Play(TicTacToe.Engine.GridPosition)
FNDA:0,System.Nullable`1<TicTacToe.Engine.MoveError> TicTacToe.Engine.TicTacToe::Play(TicTacToe.Engine.GridPosition)
DA:156,0
DA:157,0
DA:158,0
DA:160,0
DA:162,0
DA:164,0
DA:165,0
BRDA:158,18,0,0
BRDA:158,18,1,0
FN:121,System.Void TicTacToe.Engine.TicTacToe::.ctor()
FNDA:0,System.Void TicTacToe.Engine.TicTacToe::.ctor()
DA:122,0
DA:123,0
DA:124,0
DA:125,0
LF:79
LH:0
BRF:22
BRH:0
FNF:20
FNH:0
end_of_record